2020-08-21 11:35:18,832 INFO notifyConnectTimeout:200

2020-08-21 11:35:18,837 INFO notifySocketTimeout:8000

2020-08-21 11:35:18,838 INFO isHealthCheck:true

2020-08-21 11:35:18,838 INFO maxHealthCheckFailCount:12

2020-08-21 11:35:18,838 INFO maxContent:10485760

2020-08-21 11:39:17,184 INFO notifyConnectTimeout:200

2020-08-21 11:39:17,189 INFO notifySocketTimeout:8000

2020-08-21 11:39:17,189 INFO isHealthCheck:true

2020-08-21 11:39:17,189 INFO maxHealthCheckFailCount:12

2020-08-21 11:39:17,190 INFO maxContent:10485760

2020-08-21 11:42:23,250 INFO notifyConnectTimeout:200

2020-08-21 11:42:23,259 INFO notifySocketTimeout:8000

2020-08-21 11:42:23,259 INFO isHealthCheck:true

2020-08-21 11:42:23,259 INFO maxHealthCheckFailCount:12

2020-08-21 11:42:23,259 INFO maxContent:10485760

2020-08-21 11:42:23,260 INFO spring.datasource.platform:mysql

2020-08-21 11:44:16,145 INFO notifyConnectTimeout:200

2020-08-21 11:44:16,150 INFO notifySocketTimeout:8000

2020-08-21 11:44:16,150 INFO isHealthCheck:true

2020-08-21 11:44:16,150 INFO maxHealthCheckFailCount:12

2020-08-21 11:44:16,150 INFO maxContent:10485760

2020-08-21 11:44:16,151 INFO spring.datasource.platform:mysql

2020-08-21 11:44:26,095 WARN DumpService start

2020-08-21 11:44:26,096 INFO start clear all config-info.

2020-08-21 11:44:26,104 WARN clear all config-info failed.

2020-08-21 11:44:26,104 WARN clear all config-info-tenant failed.

2020-08-21 11:44:26,110 INFO start clear all config-info-beta.

2020-08-21 11:44:26,110 WARN clear all config-info-beta failed.

2020-08-21 11:44:26,110 WARN clear all config-info-beta-tenant failed.

2020-08-21 11:44:26,111 INFO start clear all config-info-tag.

2020-08-21 11:44:26,112 WARN clear all config-info-tag failed.

2020-08-21 11:44:26,112 WARN clear all config-info-tag-tenant failed.

