2020-08-24 13:56:02,369 INFO Starting Nacos v1.3.2 on PC-20180128U008 with PID 54724 (E:\workplace\springcloud-alibaba\nacos\target\nacos-server.jar started by Administrator in C:\Users\Administrator)

2020-08-24 13:56:02,376 INFO The following profiles are active: standalone

2020-08-24 13:56:08,097 INFO Bean 'org.springframework.security.config.annotation.configuration.ObjectPostProcessorConfiguration' of type [org.springframework.security.config.annotation.configuration.ObjectPostProcessorConfiguration$$EnhancerBySpringCGLIB$$17d5d936] is not eligible for getting processed by all BeanPostProcessors (for example: not eligible for auto-proxying)

2020-08-24 13:56:08,272 INFO Bean 'objectPostProcessor' of type [org.springframework.security.config.annotation.configuration.AutowireBeanFactoryObjectPostProcessor] is not eligible for getting processed by all BeanPostProcessors (for example: not eligible for auto-proxying)

2020-08-24 13:56:08,280 INFO Bean 'org.springframework.security.access.expression.method.DefaultMethodSecurityExpressionHandler@403b4a' of type [org.springframework.security.access.expression.method.DefaultMethodSecurityExpressionHandler] is not eligible for getting processed by all BeanPostProcessors (for example: not eligible for auto-proxying)

2020-08-24 13:56:08,283 INFO Bean 'org.springframework.security.config.annotation.method.configuration.GlobalMethodSecurityConfiguration' of type [org.springframework.security.config.annotation.method.configuration.GlobalMethodSecurityConfiguration$$EnhancerBySpringCGLIB$$3caa7be8] is not eligible for getting processed by all BeanPostProcessors (for example: not eligible for auto-proxying)

2020-08-24 13:56:08,289 INFO Bean 'methodSecurityMetadataSource' of type [org.springframework.security.access.method.DelegatingMethodSecurityMetadataSource] is not eligible for getting processed by all BeanPostProcessors (for example: not eligible for auto-proxying)

2020-08-24 13:56:08,832 INFO Tomcat initialized with port(s): 8848 (http)

2020-08-24 13:56:08,866 INFO Starting service [Tomcat]

2020-08-24 13:56:08,866 INFO Starting Servlet Engine: Apache Tomcat/9.0.13

2020-08-24 13:56:08,882 INFO The APR based Apache Tomcat Native library which allows optimal performance in production environments was not found on the java.library.path: [D:\java\jdk1.8.0_251\bin;C:\Windows\Sun\Java\bin;C:\Windows\system32;C:\Windows;D:\xshell\;C:\Program Files (x86)\Common Files\Oracle\Java\javapath;C:\Windows\system32;C:\Windows;C:\Windows\System32\Wbem;C:\Windows\System32\WindowsPowerShell\v1.0\;%JAVA_HOME%\bin;%JAVA_HOME%\jre\bin;D:\Git\cmd;D:\tor\bin;D:\mysql-5.6.48-winx64\bin\;D:\redis\;D:\nodejs\;D:\sbt\bin;D:\scala\bin;D:\spark-2.3.1-bin-hadoop2.7\bin;D:\hadoop-2.7.6\bin;D:\hadoop-2.7.6\sbin;E:\workplace\springcloud-alibaba\nacos\bin;;D:\Microsoft VS Code\bin;C:\Users\Administrator\AppData\Roaming\npm;.]

2020-08-24 13:56:09,074 INFO Initializing Spring embedded WebApplicationContext

2020-08-24 13:56:09,074 INFO Root WebApplicationContext: initialization completed in 6562 ms

2020-08-24 13:56:09,467 INFO HikariPool-1 - Starting...

2020-08-24 13:56:09,685 INFO HikariPool-1 - Start completed.

2020-08-24 13:56:10,298 INFO Nacos-related cluster resource initialization

2020-08-24 13:56:10,310 INFO The cluster resource is initialized

2020-08-24 13:56:10,769 INFO Reflections took 57 ms to scan 1 urls, producing 6 keys and 24 values 

2020-08-24 13:56:10,810 INFO Reflections took 4 ms to scan 1 urls, producing 2 keys and 12 values 

2020-08-24 13:56:10,819 INFO Reflections took 4 ms to scan 1 urls, producing 3 keys and 15 values 

2020-08-24 13:56:11,995 INFO Initializing ExecutorService 'applicationTaskExecutor'

2020-08-24 13:56:12,350 INFO Adding welcome page: class path resource [static/index.html]

2020-08-24 13:56:12,942 INFO Creating filter chain: Ant [pattern='/**'], []

2020-08-24 13:56:13,001 INFO Creating filter chain: any request, [org.springframework.security.web.context.request.async.WebAsyncManagerIntegrationFilter@4f138e, org.springframework.security.web.context.SecurityContextPersistenceFilter@190e6c5, org.springframework.security.web.header.HeaderWriterFilter@687efb, org.springframework.security.web.csrf.CsrfFilter@ea1466, org.springframework.security.web.authentication.logout.LogoutFilter@1415a95, org.springframework.security.web.savedrequest.RequestCacheAwareFilter@1d6ca49, org.springframework.security.web.servletapi.SecurityContextHolderAwareRequestFilter@cd9150, org.springframework.security.web.authentication.AnonymousAuthenticationFilter@1eeec90, org.springframework.security.web.session.SessionManagementFilter@2eef62, org.springframework.security.web.access.ExceptionTranslationFilter@1ffddff]

2020-08-24 13:56:13,207 INFO Exposing 2 endpoint(s) beneath base path '/actuator'

2020-08-24 13:56:13,242 INFO Initializing ExecutorService 'taskScheduler'

2020-08-24 13:56:13,395 INFO Tomcat started on port(s): 8848 (http) with context path '/nacos'

2020-08-24 13:56:13,399 INFO Started Nacos in 12.393 seconds (JVM running for 13.213)

2020-08-24 13:56:13,399 INFO Nacos Log files: E:\workplace\springcloud-alibaba\nacos\logs

2020-08-24 13:56:13,402 INFO Nacos Log files: E:\workplace\springcloud-alibaba\nacos\conf

2020-08-24 13:56:13,402 INFO Nacos Log files: E:\workplace\springcloud-alibaba\nacos\data

2020-08-24 13:56:13,403 INFO Nacos started successfully in stand alone mode. use external storage

2020-08-24 13:56:30,053 INFO Initializing Spring DispatcherServlet 'dispatcherServlet'

2020-08-24 13:56:30,053 INFO Initializing Servlet 'dispatcherServlet'

2020-08-24 13:56:30,066 INFO Completed initialization in 12 ms

2020-08-24 14:06:11,177 INFO [capacityManagement] start correct usage

2020-08-24 14:06:11,188 INFO [capacityManagement] end correct usage, cost: 0s

2020-08-24 14:06:11,333 WARN clearConfigHistory start

2020-08-24 14:16:11,220 INFO [capacityManagement] start correct usage

2020-08-24 14:16:11,222 INFO [capacityManagement] end correct usage, cost: 0s

2020-08-24 14:16:11,370 WARN clearConfigHistory start

2020-08-24 14:26:11,253 INFO [capacityManagement] start correct usage

2020-08-24 14:26:11,255 INFO [capacityManagement] end correct usage, cost: 0s

2020-08-24 14:26:11,403 WARN clearConfigHistory start

2020-08-24 14:36:11,287 INFO [capacityManagement] start correct usage

2020-08-24 14:36:11,289 INFO [capacityManagement] end correct usage, cost: 0s

2020-08-24 14:36:11,436 WARN clearConfigHistory start

2020-08-24 14:46:11,321 INFO [capacityManagement] start correct usage

2020-08-24 14:46:11,323 INFO [capacityManagement] end correct usage, cost: 0s

2020-08-24 14:46:11,470 WARN clearConfigHistory start

2020-08-24 14:56:11,354 INFO [capacityManagement] start correct usage

2020-08-24 14:56:11,355 INFO [capacityManagement] end correct usage, cost: 0s

2020-08-24 14:56:11,504 WARN clearConfigHistory start

2020-08-24 15:06:11,387 INFO [capacityManagement] start correct usage

2020-08-24 15:06:11,388 INFO [capacityManagement] end correct usage, cost: 0s

2020-08-24 15:06:11,537 WARN clearConfigHistory start

2020-08-24 15:16:11,420 INFO [capacityManagement] start correct usage

2020-08-24 15:16:11,421 INFO [capacityManagement] end correct usage, cost: 0s

2020-08-24 15:16:11,570 WARN clearConfigHistory start

2020-08-24 15:26:11,454 INFO [capacityManagement] start correct usage

2020-08-24 15:26:11,456 INFO [capacityManagement] end correct usage, cost: 0s

2020-08-24 15:26:11,603 WARN clearConfigHistory start

2020-08-24 15:36:11,488 INFO [capacityManagement] start correct usage

2020-08-24 15:36:11,490 INFO [capacityManagement] end correct usage, cost: 0s

2020-08-24 15:36:11,636 WARN clearConfigHistory start

2020-08-24 15:46:11,522 INFO [capacityManagement] start correct usage

2020-08-24 15:46:11,524 INFO [capacityManagement] end correct usage, cost: 0s

2020-08-24 15:46:11,669 WARN clearConfigHistory start

2020-08-24 15:56:11,556 INFO [capacityManagement] start correct usage

2020-08-24 15:56:11,559 INFO [capacityManagement] end correct usage, cost: 0s

2020-08-24 15:56:11,702 WARN clearConfigHistory start

