2020-08-21 11:44:56,158 INFO PERFORMANCE:|0|0|-1|-1

2020-08-21 11:49:56,174 INFO PERFORMANCE:|0|0|-1|-1

2020-08-21 11:54:56,190 INFO PERFORMANCE:|0|0|-1|-1

2020-08-21 11:59:56,206 INFO PERFORMANCE:|0|0|-1|-1

2020-08-21 12:04:56,222 INFO PERFORMANCE:|0|0|-1|-1

2020-08-21 12:09:56,238 INFO PERFORMANCE:|0|0|-1|-1

2020-08-21 12:14:56,254 INFO PERFORMANCE:|0|0|-1|-1

2020-08-21 12:19:56,270 INFO PERFORMANCE:|0|0|-1|-1

2020-08-21 12:24:56,286 INFO PERFORMANCE:|0|0|-1|-1

2020-08-21 12:29:56,302 INFO PERFORMANCE:|0|0|-1|-1

2020-08-21 12:34:56,318 INFO PERFORMANCE:|0|0|-1|-1

2020-08-21 12:39:56,334 INFO PERFORMANCE:|0|0|-1|-1

2020-08-21 12:44:56,350 INFO PERFORMANCE:|0|0|-1|-1

2020-08-21 12:49:56,366 INFO PERFORMANCE:|0|0|-1|-1

2020-08-21 12:54:56,382 INFO PERFORMANCE:|0|0|-1|-1

2020-08-21 12:59:56,398 INFO PERFORMANCE:|0|0|-1|-1

2020-08-21 13:04:56,414 INFO PERFORMANCE:|0|0|-1|-1

2020-08-21 13:09:56,430 INFO PERFORMANCE:|0|0|-1|-1

2020-08-21 13:14:56,446 INFO PERFORMANCE:|0|0|-1|-1

2020-08-21 13:19:56,462 INFO PERFORMANCE:|0|0|-1|-1

2020-08-21 13:24:56,478 INFO PERFORMANCE:|0|0|-1|-1

2020-08-21 13:29:56,494 INFO PERFORMANCE:|0|0|-1|-1

2020-08-21 13:34:56,510 INFO PERFORMANCE:|0|0|-1|-1

2020-08-21 13:39:56,526 INFO PERFORMANCE:|0|0|-1|-1

2020-08-21 13:44:56,542 INFO PERFORMANCE:|0|0|-1|-1

2020-08-21 13:49:56,558 INFO PERFORMANCE:|0|0|-1|-1

2020-08-21 13:54:56,574 INFO PERFORMANCE:|0|0|-1|-1

2020-08-21 13:59:56,590 INFO PERFORMANCE:|0|0|-1|-1

2020-08-21 14:04:56,606 INFO PERFORMANCE:|0|0|-1|-1

2020-08-21 14:09:56,622 INFO PERFORMANCE:|0|0|-1|-1

2020-08-21 14:14:56,638 INFO PERFORMANCE:|0|0|-1|-1

2020-08-21 14:19:56,654 INFO PERFORMANCE:|0|0|-1|-1

2020-08-21 14:24:56,670 INFO PERFORMANCE:|0|0|-1|-1

2020-08-21 14:29:56,686 INFO PERFORMANCE:|0|0|-1|-1

2020-08-21 14:34:56,702 INFO PERFORMANCE:|0|0|-1|-1

2020-08-21 14:39:56,718 INFO PERFORMANCE:|0|0|-1|-1

2020-08-21 14:44:56,734 INFO PERFORMANCE:|0|0|-1|-1

2020-08-21 14:49:56,750 INFO PERFORMANCE:|0|0|-1|-1

2020-08-21 14:54:56,765 INFO PERFORMANCE:|0|0|-1|-1

2020-08-21 14:59:56,782 INFO PERFORMANCE:|0|0|-1|-1

2020-08-21 15:04:56,798 INFO PERFORMANCE:|0|0|-1|-1

2020-08-21 15:09:56,814 INFO PERFORMANCE:|0|0|-1|-1

2020-08-21 15:14:56,830 INFO PERFORMANCE:|0|0|-1|-1

2020-08-21 15:19:56,846 INFO PERFORMANCE:|0|0|-1|-1

2020-08-21 15:24:56,862 INFO PERFORMANCE:|0|0|-1|-1

2020-08-21 15:29:56,878 INFO PERFORMANCE:|0|0|-1|-1

2020-08-21 15:34:56,894 INFO PERFORMANCE:|0|0|-1|-1

2020-08-21 15:39:56,910 INFO PERFORMANCE:|0|0|-1|-1

2020-08-21 15:44:56,926 INFO PERFORMANCE:|0|0|-1|-1

2020-08-21 15:49:56,942 INFO PERFORMANCE:|0|0|-1|-1

2020-08-21 15:54:56,958 INFO PERFORMANCE:|1|0|-1|-1

2020-08-21 15:59:56,974 INFO PERFORMANCE:|1|0|-1|-1

